c:\users\yeataro\dropbox\yea\git\yeataro\antilatencychop\antilatencychop\release\antilatencychop.lib
c:\users\yeataro\dropbox\yea\git\yeataro\antilatencychop\antilatencychop\release\antilatencychop.exp
c:\users\yeataro\dropbox\yea\git\yeataro\antilatencychop\antilatencychop\release\antilatencychop.ipdb
c:\users\yeataro\dropbox\yea\git\yeataro\antilatencychop\antilatencychop\release\antilatencychop.iobj
c:\users\yeataro\dropbox\yea\git\yeataro\antilatencychop\antilatencychop\release\vc141.pdb
c:\users\yeataro\dropbox\yea\git\yeataro\antilatencychop\antilatencychop\release\antilatencychop.obj
c:\users\yeataro\dropbox\yea\git\yeataro\antilatencychop\antilatencychop\release\antilatencychop.dll
c:\users\yeataro\dropbox\yea\git\yeataro\antilatencychop\antilatencychop\release\antilatencychop.pdb
c:\users\yeataro\dropbox\yea\git\yeataro\antilatencychop\antilatencychop\release\antilatencychop.res
c:\users\yeataro\dropbox\yea\git\yeataro\antilatencychop\antilatencychop\release\antilatencychop.nativecodeanalysis.xml
c:\users\yeataro\dropbox\yea\git\yeataro\antilatencychop\antilatencychop\release\antilatencychop.tlog\antilatencychop.write.1u.tlog
c:\users\yeataro\dropbox\yea\git\yeataro\antilatencychop\antilatencychop\release\antilatencychop.tlog\cl.command.1.tlog
c:\users\yeataro\dropbox\yea\git\yeataro\antilatencychop\antilatencychop\release\antilatencychop.tlog\cl.read.1.tlog
c:\users\yeataro\dropbox\yea\git\yeataro\antilatencychop\antilatencychop\release\antilatencychop.tlog\cl.write.1.tlog
c:\users\yeataro\dropbox\yea\git\yeataro\antilatencychop\antilatencychop\release\antilatencychop.tlog\link.command.1.tlog
c:\users\yeataro\dropbox\yea\git\yeataro\antilatencychop\antilatencychop\release\antilatencychop.tlog\link.delete.1.tlog
c:\users\yeataro\dropbox\yea\git\yeataro\antilatencychop\antilatencychop\release\antilatencychop.tlog\link.read.1.tlog
c:\users\yeataro\dropbox\yea\git\yeataro\antilatencychop\antilatencychop\release\antilatencychop.tlog\link.write.1.tlog
c:\users\yeataro\dropbox\yea\git\yeataro\antilatencychop\antilatencychop\release\antilatencychop.tlog\rc.command.1.tlog
c:\users\yeataro\dropbox\yea\git\yeataro\antilatencychop\antilatencychop\release\antilatencychop.tlog\rc.read.1.tlog
c:\users\yeataro\dropbox\yea\git\yeataro\antilatencychop\antilatencychop\release\antilatencychop.tlog\rc.write.1.tlog
